  正在扫描源以查找模块依赖项...
  CommonCore.ixx
  iostream
  正在编译...
  iostream
  CommonCore.ixx
  Game.cpp
E:\DX12\ZHEngineDX\ZHEngineDX\Game\Game.cpp(2,12): error C2230: 无法找到模块“Game”
E:\DX12\ZHEngineDX\ZHEngineDX\Game\Game.cpp(4,1): error C2653: “Game”: 不是类或命名空间名称
E:\DX12\ZHEngineDX\ZHEngineDX\Game\Game.cpp(4,17): error C4430: 缺少类型说明符 - 假定为 int。注意: C++ 不支持默认 int
E:\DX12\ZHEngineDX\ZHEngineDX\Game\Game.cpp(4,12): error C2065: “UINT”: 未声明的标识符
E:\DX12\ZHEngineDX\ZHEngineDX\Game\Game.cpp(4,17): error C2146: 语法错误: 缺少“)”(在标识符“width”的前面)
E:\DX12\ZHEngineDX\ZHEngineDX\Game\Game.cpp(4,42): error C2039: "wstring": 不是 "std" 的成员
E:\DX12\ZHEngineDX\ZHEngineDX\predefined C++ types (compiler internal)(342,11): message : 参见“std”的声明
E:\DX12\ZHEngineDX\ZHEngineDX\Game\Game.cpp(5,18): error C4430: 缺少类型说明符 - 假定为 int。注意: C++ 不支持默认 int
E:\DX12\ZHEngineDX\ZHEngineDX\Game\Game.cpp(5,13): error C2065: “width”: 未声明的标识符
E:\DX12\ZHEngineDX\ZHEngineDX\Game\Game.cpp(6,20): error C4430: 缺少类型说明符 - 假定为 int。注意: C++ 不支持默认 int
E:\DX12\ZHEngineDX\ZHEngineDX\Game\Game.cpp(6,14): error C2065: “height”: 未声明的标识符
E:\DX12\ZHEngineDX\ZHEngineDX\Game\Game.cpp(7,17): error C4430: 缺少类型说明符 - 假定为 int。注意: C++ 不支持默认 int
E:\DX12\ZHEngineDX\ZHEngineDX\Game\Game.cpp(7,13): error C2065: “name”: 未声明的标识符
E:\DX12\ZHEngineDX\ZHEngineDX\Game\Game.cpp(8,1): error C2059: 语法错误:“{”
E:\DX12\ZHEngineDX\ZHEngineDX\Game\Game.cpp(8,1): error C2143: 语法错误: 缺少“;”(在“{”的前面)
E:\DX12\ZHEngineDX\ZHEngineDX\Game\Game.cpp(8,1): error C2447: “{”: 缺少函数标题(是否是老式的形式表?)
E:\DX12\ZHEngineDX\ZHEngineDX\Game\Game.cpp(12,1): error C2825: 'Game': 当后面跟“::”时必须为类或命名空间
E:\DX12\ZHEngineDX\ZHEngineDX\Game\Game.cpp(12,8): error C2510: “Game”:“::”的左边必须是类/结构/联合
E:\DX12\ZHEngineDX\ZHEngineDX\Game\Game.cpp(13,1): error C4430: 缺少类型说明符 - 假定为 int。注意: C++ 不支持默认 int
E:\DX12\ZHEngineDX\ZHEngineDX\Game\Game.cpp(14,1): warning C4508: “{dtor}”: 函数应返回一个值；假定“void”返回类型
  ZHEngine.cpp
E:\DX12\ZHEngineDX\ZHEngineDX\ZHEngine.cpp(4,18): error C2230: 无法找到模块“GameHelper”
E:\DX12\ZHEngineDX\ZHEngineDX\ZHEngine.cpp(66,2): error C2653: “GameHelper”: 不是类或命名空间名称
E:\DX12\ZHEngineDX\ZHEngineDX\ZHEngine.cpp(66,14): error C3861: “ThrowIfFailed”: 找不到标识符
E:\DX12\ZHEngineDX\ZHEngineDX\ZHEngine.cpp(95,2): error C3861: “ThrowIfFailed”: 找不到标识符
E:\DX12\ZHEngineDX\ZHEngineDX\ZHEngine.cpp(107,2): error C3861: “ThrowIfFailed”: 找不到标识符
E:\DX12\ZHEngineDX\ZHEngineDX\ZHEngine.cpp(116,2): error C3861: “ThrowIfFailed”: 找不到标识符
E:\DX12\ZHEngineDX\ZHEngineDX\ZHEngine.cpp(124,3): error C3861: “ThrowIfFailed”: 找不到标识符
E:\DX12\ZHEngineDX\ZHEngineDX\ZHEngine.cpp(133,3): error C3861: “ThrowIfFailed”: 找不到标识符
E:\DX12\ZHEngineDX\ZHEngineDX\ZHEngine.cpp(138,2): error C3861: “ThrowIfFailed”: 找不到标识符
E:\DX12\ZHEngineDX\ZHEngineDX\ZHEngine.cpp(143,2): error C3861: “ThrowIfFailed”: 找不到标识符
E:\DX12\ZHEngineDX\ZHEngineDX\ZHEngine.cpp(145,2): error C3861: “ThrowIfFailed”: 找不到标识符
E:\DX12\ZHEngineDX\ZHEngineDX\ZHEngine.cpp(148,3): error C3861: “ThrowIfFailed”: 找不到标识符
E:\DX12\ZHEngineDX\ZHEngineDX\ZHEngine.cpp(154,4): error C3861: “ThrowIfFailed”: 找不到标识符
E:\DX12\ZHEngineDX\ZHEngineDX\ZHEngine.cpp(162,2): error C3861: “ThrowIfFailed”: 找不到标识符
E:\DX12\ZHEngineDX\ZHEngineDX\ZHEngine.cpp(163,2): error C3861: “ThrowIfFailed”: 找不到标识符
E:\DX12\ZHEngineDX\ZHEngineDX\ZHEngine.cpp(176,2): error C3861: “ThrowIfFailed”: 找不到标识符
E:\DX12\ZHEngineDX\ZHEngineDX\ZHEngine.cpp(182,2): error C3861: “ThrowIfFailed”: 找不到标识符
E:\DX12\ZHEngineDX\ZHEngineDX\ZHEngine.cpp(187,3): error C3861: “ThrowIfFailed”: 找不到标识符
E:\DX12\ZHEngineDX\ZHEngineDX\ZHEngine.cpp(201,2): error C3861: “ThrowIfFailed”: 找不到标识符
